Started by an SCM change
Lightweight checkout support not available, falling back to full checkout.
Checking out git /home/git_repos/simple-java-maven-app into /var/jenkins_home/workspace/simple-java-maven-app@script to read jenkins/Jenkinsfile
 > git rev-parse --is-inside-work-tree # timeout=10
Fetching changes from the remote Git repository
 > git config remote.origin.url /home/git_repos/simple-java-maven-app # timeout=10
Fetching upstream changes from /home/git_repos/simple-java-maven-app
 > git --version # timeout=10
 > git fetch --tags --progress /home/git_repos/simple-java-maven-app +refs/heads/*:refs/remotes/origin/*
Seen branch in repository origin/ls
Seen branch in repository origin/master
Seen 2 remote branches
 > git show-ref --tags -d # timeout=10
Checking out Revision 4d4e3d0087226bfb98cd550de75cc47d5545850f (origin/master)
 > git config core.sparsecheckout # timeout=10
 > git checkout -f 4d4e3d0087226bfb98cd550de75cc47d5545850f
Commit message: "Build artifacts in test stage"
 > git rev-list --no-walk 3ae4057fcffc714297ad92ab40a7c8e8516a19a3 # timeout=10
Running in Durability level: MAX_SURVIVABILITY
[8mha:////4NpqkGIsbM6O8PyJ1bsWMvc+nYaySaXiQusKDOZ0+hMhAAAApR+LCAAAAAAAAP9tjTEOwjAUQ3+KOrAycohUghExsUZZOEFIQkgb/d8mKe3EibgadyBQiQlLlmxL1nu+oE4RjhQdby12HpP2vA+jK4lPFLtroIm3dOGaMFGwXNpJkrGnpUrKFhaxClYC1hZ1oOTRZdiIVt1VExS65pxj2Q4CKm8GeAAThZxVzN8yR9jeRpMIf5y/AJj7DGxXvP/86jduZBmjwAAAAA==[0m[Pipeline] node
Running on [8mha:////4Co/8t2fEDYN3o8CKt8/3oK6tiafHYLZ1RYpAgAqpycvAAAAnh+LCAAAAAAAAP9b85aBtbiIQTGjNKU4P08vOT+vOD8nVc83PyU1x6OyILUoJzMv2y+/JJUBAhiZGBgqihhk0NSjKDWzXb3RdlLBUSYGJk8GtpzUvPSSDB8G5tKinBIGIZ+sxLJE/ZzEvHT94JKizLx0a6BxUmjGOUNodHsLgAz2EgZh/eT83ILSktQifY3cxGIgrakPAHib2iPIAAAA[0mJenkins in /var/jenkins_home/workspace/simple-java-maven-app
[8mha:////4BPJI/1KX2t94YWuOp7vy2mTY2+SqOzMt+TSmZwX2vENAAAApR+LCAAAAAAAAP9tjTEOwjAUQ3+KOrAycoh0gA0xsUZZOEFIQkgb/d8mKe3EibgadyBQiQlLlmxL1nu+oE4RjhQdby12HpP2vA+jK4lPFLtroIm3dOGaMFGwXNpJkrGnpUrKFhaxClYC1hZ1oOTRZdiIVt1VExS65pxj2Q4CKm8GeAAThZxVzN8yR9jeRpMIf5y/AJj7DGxXvP/86jfoP95RwAAAAA==[0m[Pipeline] {
[8mha:////4M3kYRbqt6XJAPZmc+oxNrCUvZb5oPW8OI41FbJPjSUIAAAAoh+LCAAAAAAAAP9tjTEOAiEURD9rLGwtPQTbaGWsbAmNJ0AWEZb8zwLrbuWJvJp3kLiJlZNMMm+a93rDOic4UbLcG+wdZu14DKOti0+U+lugiXu6ck2YKRguzSSpM+cFJRUDS1gDKwEbgzpQdmgLbIVXD9UGhba9lFS/o4DGdQM8gYlqLiqVL8wJdvexy4Q/z18BzLEA29ce4gdpL1fxvAAAAA==[0m[Pipeline] checkout
 > git rev-parse --is-inside-work-tree # timeout=10
Fetching changes from the remote Git repository
 > git config remote.origin.url /home/git_repos/simple-java-maven-app # timeout=10
Fetching upstream changes from /home/git_repos/simple-java-maven-app
 > git --version # timeout=10
 > git fetch --tags --progress /home/git_repos/simple-java-maven-app +refs/heads/*:refs/remotes/origin/*
Seen branch in repository origin/ls
Seen branch in repository origin/master
Seen 2 remote branches
 > git show-ref --tags -d # timeout=10
Checking out Revision 4d4e3d0087226bfb98cd550de75cc47d5545850f (origin/master)
 > git config core.sparsecheckout # timeout=10
 > git checkout -f 4d4e3d0087226bfb98cd550de75cc47d5545850f
Commit message: "Build artifacts in test stage"
[8mha:////4M+IjrctpUsmd5hkk85HX4ogeNIoy5f6E4a1qhFki6q/AAAAoh+LCAAAAAAAAP9tjTEOAiEURD9rLGwtPQTbGBtjZUtoPAGyiLDkfxZYdytP5NW8g8RNrJxkknnTvNcb1jnBiZLl3mDvMGvHYxhtXXyi1N8CTdzTlWvCTMFwaSZJnTkvKKkYWMIaWAnYGNSBskNbYCu8eqg2KLTtpaT6HQU0rhvgCUxUc1GpfGFOsLuPXSb8ef4KYI4F2L72ED+qfHravAAAAA==[0m[Pipeline] sh
+ docker inspect -f . maven:3-alpine
.
[8mha:////4P3/lmtcTsrYBnhMNMFaf8NPj7YpIviqp4K8AakqgBqPAAAAph+LCAAAAAAAAP9tjTEOwjAUQ3+KOrAycoh0QWJATKxRFk4QkhDSRv+3SUo7cSKuxh0IVGLCkiXbkvWeL6hThCNFx1uLncekPe/D6EriE8XuGmjiLV24JkwULJd2kmTsaamSsoVFrIKVgLVFHSh5dBk2olV31QSFrjnnWLaDgMqbAR7ARCFnFfO3zBG2t9Ekwh/nLwDmPgPbFe8/v/oNP1aWNcAAAAA=[0m[Pipeline] withDockerContainer
Jenkins seems to be running inside container 1386bbcdcdf70d524dae4046f1d75c0d6e1a2e74f57c0d3bea8cc85ff21d2d3d
$ docker run -t -d -u 0:0 -v /root/.m2:/root/.m2 -w /var/jenkins_home/workspace/simple-java-maven-app --volumes-from 1386bbcdcdf70d524dae4046f1d75c0d6e1a2e74f57c0d3bea8cc85ff21d2d3d -e ******** -e ******** -e ******** -e ******** -e ******** -e ******** -e ******** -e ******** -e ******** -e ******** -e ******** -e ******** -e ******** -e ******** -e ******** -e ******** -e ******** -e ******** -e ******** -e ******** -e ******** -e ******** maven:3-alpine cat
$ docker top e5d1281f2b73bf006e5ad3c17875e9a593cf61ca1bc5a8e2492b1b941e9774bd -eo pid,comm
[8mha:////4P97njBFrJEM+O5Od2yPQQzWGQCBGRIZMOatnaZI2IwwAAAApR+LCAAAAAAAAP9tjTEOwjAUQ3+KOrAycoh0BAkxsUZZOEFIQkgb/d8mKe3EibgadyBQiQlLlmxL1nu+oE4RjhQdby12HpP2vA+jK4lPFLtroIm3dOGaMFGwXNpJkrGnpUrKFhaxClYC1hZ1oOTRZdiIVt1VExS65pxj2Q4CKm8GeAAThZxVzN8yR9jeRpMIf5y/AJj7DGxXvP/86jfpX/cvwAAAAA==[0m[Pipeline] {
[8mha:////4AUNG+B17c5WG82lG1PpEET3fWi1CDuM3E4fPhD7U9THAAAApR+LCAAAAAAAAP9tjTEOwjAUQ3+KOrAycoh0BSEm1igLJwhJCGmj/9skpZ04EVfjDgQqMWHJkm3Jes8X1CnCkaLjrcXOY9Ke92F0JfGJYncNNPGWLlwTJgqWSztJMva0VEnZwiJWwUrA2qIOlDy6DBvRqrtqgkLXnHMs20FA5c0AD2CikLOK+VvmCNvbaBLhj/MXAHOfge2K959f/QbB16AVwAAAAA==[0m[Pipeline] stage
[8mha:////4Dr5aqhA6zGekVU7Ne7pQJ1ViFe5NWXHBeEp+NQ4pIRFAAAAph+LCAAAAAAAAP9tjTEOwjAQBM9BKWgpeYQDJUJUtJYbXmBiY5xYd8G+kFS8iK/xBwKRqNhqZ6XVPF9Q5gQHSl42DtuAuQ6yi72fmhwotZdIg2zoLGvCTNFJ7QZN1h1n1MQO5ogCFgqWDutIOaBnWKnG3E0VDfrqxGna9gqKYG/wAKEmM5vEXxgTrK+9zYQ/z18BjB2D2DEU283nWL4Bsam+msEAAAA=[0m[Pipeline] { (Build)
[8mha:////4JNvKHdaJF7TLp9dm3jPibNRcNrB9COKqPznU7nPGYBeAAAAox+LCAAAAAAAAP9tjTEOwjAQBC9BFLSUPOJCakRFa6XhBSYxxo5159gOTsWL+Bp/IBCJii1WO9vM8wXrGODIQaNV1BuKrUHvRj0vzBz6q+OMli/YMkV2ChuVG+7UacGGk4IlRQkrARtFreNoSCfYCivvsnKSdHVOYf4OAkrTDfCAQszmJEP6whRgdxu7yPTz/BXA5BOU9f5TtX8D0loxuL4AAAA=[0m[Pipeline] sh
+ mvn -B -DskipTests clean package
[INFO] Scanning for projects...
[INFO] 
[INFO] ------------------------------------------------------------------------
[INFO] Building simple-java-maven-app 1.0-SNAPSHOT
[INFO] ------------------------------------------------------------------------
[INFO] 
[INFO] --- maven-clean-plugin:2.5:clean (default-clean) @ simple-java-maven-app ---
[INFO] Deleting /var/jenkins_home/workspace/simple-java-maven-app/target
[INFO] 
[INFO] --- maven-resources-plugin:2.6:resources (default-resources) @ simple-java-maven-app ---
[WARNING] Using platform encoding (UTF-8 actually) to copy filtered resources, i.e. build is platform dependent!
[INFO] skip non existing resourceDirectory /var/jenkins_home/workspace/simple-java-maven-app/src/main/resources
[INFO] 
[INFO] --- maven-compiler-plugin:3.1:compile (default-compile) @ simple-java-maven-app ---
[INFO] Changes detected - recompiling the module!
[WARNING] File encoding has not been set, using platform encoding UTF-8, i.e. build is platform dependent!
[INFO] Compiling 1 source file to /var/jenkins_home/workspace/simple-java-maven-app/target/classes
[INFO] 
[INFO] --- maven-resources-plugin:2.6:testResources (default-testResources) @ simple-java-maven-app ---
[WARNING] Using platform encoding (UTF-8 actually) to copy filtered resources, i.e. build is platform dependent!
[INFO] skip non existing resourceDirectory /var/jenkins_home/workspace/simple-java-maven-app/src/test/resources
[INFO] 
[INFO] --- maven-compiler-plugin:3.1:testCompile (default-testCompile) @ simple-java-maven-app ---
[INFO] Changes detected - recompiling the module!
[WARNING] File encoding has not been set, using platform encoding UTF-8, i.e. build is platform dependent!
[INFO] Compiling 1 source file to /var/jenkins_home/workspace/simple-java-maven-app/target/test-classes
[INFO] 
[INFO] --- maven-surefire-plugin:2.12.4:test (default-test) @ simple-java-maven-app ---
[INFO] Tests are skipped.
[INFO] 
[INFO] --- maven-jar-plugin:3.0.2:jar (default-jar) @ simple-java-maven-app ---
[INFO] Building jar: /var/jenkins_home/workspace/simple-java-maven-app/target/simple-java-maven-app-1.0-SNAPSHOT.jar
[INFO] ------------------------------------------------------------------------
[INFO] BUILD SUCCESS
[INFO] ------------------------------------------------------------------------
[INFO] Total time: 5.605 s
[INFO] Finished at: 2019-04-03T13:29:17Z
[INFO] Final Memory: 13M/81M
[INFO] ------------------------------------------------------------------------
[8mha:////4BCD2pQdq2f7aR+o3lG7WmlYheA+uPisq2D98OCw+H4lAAAAox+LCAAAAAAAAP9tjTEOwjAQBC9BFLSUPOICtIgqreWGF5jYGCfWnbEdkooX8TX+QCASFVusdraZ5wuWKcKRo8XWUOcoNQ6D7+20cODYXTwP2PIZG6bE3qA0g2Rt6hklZwNzihIWAlaGGs/Jkc2wFq26q8orstUpx+k7CCidvsEDCjGZs4r5C2OEzbXXienn+SuAMYQM5W7/qe0bsgYiW74AAAA=[0m[Pipeline] }
[8mha:////4It5XYQq9SAjvKBDrqKCsuf2oqnti+RdoZ0k7wwq+Py0AAAAox+LCAAAAAAAAP9tjTEOwjAQBDdBFLSUPMIRokKIitZKwwtMYowT6y7YF5KKF/E1/kBEJCq22plmXm8sU8SRo1ONpdZTqrzqQu+mpwaO7TXwoBq+qIopcbCqtEPJtT3NWLJYzMtyLDRWlqrAyZMTrHVjHqYIhlxxlji5g0bu6zueyPRUFhPlC2PE5tbXienX+RvA2HWCfLsTZPsP6C1U670AAAA=[0m[Pipeline] // stage
[8mha:////4AdYAZX6C4E4CGBdOCSPK/9y/MwtYhyFzkU743zo+1cfAAAApx+LCAAAAAAAAP9tjTEOwjAQBM9BKWgpeYQjJAokREVrueEFJjbGiXUX7AtJxYv4Gn8gEImKrXZWWs3zBWVOcKDkZeOwDZjrILvY+6nJgVJ7iTTIhs6yJswUndRu0GTdcUZN7GCOKGChYOmwjpQDeoaVaszdVNGgr06cpm2voAj2Bg8QajKzSfyFMcH62ttM+PP8FcDYMYgdQ7HZfo7lG2c0ocDBAAAA[0m[Pipeline] stage
[8mha:////4MpLOcRYFKCw0Xq1RstkCK5Vzul7IlsDYShknHmFmSmzAAAApx+LCAAAAAAAAP9tjTEOwjAUQ3+LOrAycohUSDAhpq5RFk4QmhDSRv+Xn5R24kRcjTvQUokJD5ZtyXqvNxSR4UTsRGOx9RhrL7rQuymJgbi9BhpEQxdRE0YKVig7KDK2WqqiZGFRlsNKwtpiHSh6dAk2stEPXQaNrjwnnrajhNybOzwhkxM5aU7fMjJsb72JhD/OXwCMXYJ8t5/tMD+LD5WQ+PfCAAAA[0m[Pipeline] { (Test)
[8mha:////4MdWNQSVAR/Hj7x+3i+tK0W7oTCKcSxF5yZoHlrMaOJjAAAApB+LCAAAAAAAAP9tjTEOwjAQBC9BFLSUPOIiCmgQVVrLDS8wsTFOrDtjOyQVL+Jr/IFAJCq2WO1sM88XLFOEI0eLraHOUWocBt/baeHAsbt4HrDlMzZMib1BaQbJ2tQzSs4G5hQlLASsDDWekyObYS1adVeVV2SrU47TdxBQOn2DBxRiMmcV8xfGCJtrrxPTz/NXAGPIUG53n9qHN7LjSKW+AAAA[0m[Pipeline] sh
+ mvn test
[INFO] Scanning for projects...
[INFO] 
[INFO] ------------------------------------------------------------------------
[INFO] Building simple-java-maven-app 1.0-SNAPSHOT
[INFO] ------------------------------------------------------------------------
[INFO] 
[INFO] --- maven-resources-plugin:2.6:resources (default-resources) @ simple-java-maven-app ---
[WARNING] Using platform encoding (UTF-8 actually) to copy filtered resources, i.e. build is platform dependent!
[INFO] skip non existing resourceDirectory /var/jenkins_home/workspace/simple-java-maven-app/src/main/resources
[INFO] 
[INFO] --- maven-compiler-plugin:3.1:compile (default-compile) @ simple-java-maven-app ---
[INFO] Nothing to compile - all classes are up to date
[INFO] 
[INFO] --- maven-resources-plugin:2.6:testResources (default-testResources) @ simple-java-maven-app ---
[WARNING] Using platform encoding (UTF-8 actually) to copy filtered resources, i.e. build is platform dependent!
[INFO] skip non existing resourceDirectory /var/jenkins_home/workspace/simple-java-maven-app/src/test/resources
[INFO] 
[INFO] --- maven-compiler-plugin:3.1:testCompile (default-testCompile) @ simple-java-maven-app ---
[INFO] Nothing to compile - all classes are up to date
[INFO] 
[INFO] --- maven-surefire-plugin:2.12.4:test (default-test) @ simple-java-maven-app ---
[INFO] Surefire report directory: /var/jenkins_home/workspace/simple-java-maven-app/target/surefire-reports

-------------------------------------------------------
 T E S T S
-------------------------------------------------------
Running com.mycompany.app.AppTest
Tests run: 3, Failures: 1, Errors: 0, Skipped: 0, Time elapsed: 0.172 sec <<< FAILURE!
failedTest(com.mycompany.app.AppTest)  Time elapsed: 0.018 sec  <<< FAILURE!
java.lang.AssertionError: This test should be failed
	at org.junit.Assert.fail(Assert.java:88)
	at com.mycompany.app.AppTest.failedTest(AppTest.java:47)
	at sun.reflect.NativeMethodAccessorImpl.invoke0(Native Method)
	at sun.reflect.NativeMethodAccessorImpl.invoke(NativeMethodAccessorImpl.java:62)
	at sun.reflect.DelegatingMethodAccessorImpl.invoke(DelegatingMethodAccessorImpl.java:43)
	at java.lang.reflect.Method.invoke(Method.java:498)
	at org.junit.runners.model.FrameworkMethod$1.runReflectiveCall(FrameworkMethod.java:47)
	at org.junit.internal.runners.model.ReflectiveCallable.run(ReflectiveCallable.java:12)
	at org.junit.runners.model.FrameworkMethod.invokeExplosively(FrameworkMethod.java:44)
	at org.junit.internal.runners.statements.InvokeMethod.evaluate(InvokeMethod.java:17)
	at org.junit.internal.runners.statements.RunBefores.evaluate(RunBefores.java:26)
	at org.junit.internal.runners.statements.RunAfters.evaluate(RunAfters.java:27)
	at org.junit.runners.ParentRunner.runLeaf(ParentRunner.java:271)
	at org.junit.runners.BlockJUnit4ClassRunner.runChild(BlockJUnit4ClassRunner.java:70)
	at org.junit.runners.BlockJUnit4ClassRunner.runChild(BlockJUnit4ClassRunner.java:50)
	at org.junit.runners.ParentRunner$3.run(ParentRunner.java:238)
	at org.junit.runners.ParentRunner$1.schedule(ParentRunner.java:63)
	at org.junit.runners.ParentRunner.runChildren(ParentRunner.java:236)
	at org.junit.runners.ParentRunner.access$000(ParentRunner.java:53)
	at org.junit.runners.ParentRunner$2.evaluate(ParentRunner.java:229)
	at org.junit.runners.ParentRunner.run(ParentRunner.java:309)
	at org.apache.maven.surefire.junit4.JUnit4Provider.execute(JUnit4Provider.java:252)
	at org.apache.maven.surefire.junit4.JUnit4Provider.executeTestSet(JUnit4Provider.java:141)
	at org.apache.maven.surefire.junit4.JUnit4Provider.invoke(JUnit4Provider.java:112)
	at sun.reflect.NativeMethodAccessorImpl.invoke0(Native Method)
	at sun.reflect.NativeMethodAccessorImpl.invoke(NativeMethodAccessorImpl.java:62)
	at sun.reflect.DelegatingMethodAccessorImpl.invoke(DelegatingMethodAccessorImpl.java:43)
	at java.lang.reflect.Method.invoke(Method.java:498)
	at org.apache.maven.surefire.util.ReflectionUtils.invokeMethodWithArray(ReflectionUtils.java:189)
	at org.apache.maven.surefire.booter.ProviderFactory$ProviderProxy.invoke(ProviderFactory.java:165)
	at org.apache.maven.surefire.booter.ProviderFactory.invokeProvider(ProviderFactory.java:85)
	at org.apache.maven.surefire.booter.ForkedBooter.runSuitesInProcess(ForkedBooter.java:115)
	at org.apache.maven.surefire.booter.ForkedBooter.main(ForkedBooter.java:75)


Results :

Failed tests:   failedTest(com.mycompany.app.AppTest): This test should be failed

Tests run: 3, Failures: 1, Errors: 0, Skipped: 0

[INFO] ------------------------------------------------------------------------
[INFO] BUILD FAILURE
[INFO] ------------------------------------------------------------------------
[INFO] Total time: 3.705 s
[INFO] Finished at: 2019-04-03T13:29:25Z
[INFO] Final Memory: 9M/31M
[INFO] ------------------------------------------------------------------------
[ERROR] Failed to execute goal org.apache.maven.plugins:maven-surefire-plugin:2.12.4:test (default-test) on project simple-java-maven-app: There are test failures.
[ERROR] 
[ERROR] Please refer to /var/jenkins_home/workspace/simple-java-maven-app/target/surefire-reports for the individual test results.
[ERROR] -> [Help 1]
[ERROR] 
[ERROR] To see the full stack trace of the errors, re-run Maven with the -e switch.
[ERROR] Re-run Maven using the -X switch to enable full debug logging.
[ERROR] 
[ERROR] For more information about the errors and possible solutions, please read the following articles:
[ERROR] [Help 1] http://cwiki.apache.org/confluence/display/MAVEN/MojoFailureException
[8mha:////4M1vGClYSD73J+RB9R5X15VhOIDFegMO4uC65fg0FFP3AAAApR+LCAAAAAAAAP9tjTEOwjAQBC9BFLSUPOIiCkSBqNJabniBiY1xYt0Z2yGpeBFf4w8EIlGxxWpnm3m+YJkiHDlabA11jlLjMPjeTgsHjt3F84Atn7FhSuwNSjNI1qaeUXI2MKcoYSFgZajxnBzZDGvRqruqvCJbnXKcvoOA0ukbPKAQkzmrmL8wRthce52Yfp6/AhhDhnK7+9Q+vAHz0lO8vgAAAA==[0m[Pipeline] archiveArtifacts
Archiving artifacts
[8mha:////4OBaPkxRNPmyl1XG/PhoO/WgNVl1IDloImZFfFDw2dh+AAAApR+LCAAAAAAAAP9tjTEOwjAQBC9BFLSUPOIiCiQkRJXWcsMLTGyME+vO2A5JxYv4Gn8gEImKLVY728zzBcsU4cjRYmuoc5Qah8H3dlo4cOwungds+YwNU2JvUJpBsjb1jJKzgTlFCQsBK0ON5+TIZliLVt1V5RXZ6pTj9B0ElE7f4AGFmMxZxfyFMcLm2uvE9PP8FcAYMpTb3af24Q08zss7vgAAAA==[0m[Pipeline] junit
Recording test results
[8mha:////4Fc5gwSEkDxTCD5fRwFjBQ/FYX34K1jR3PA/OPblSy9tAAAApR+LCAAAAAAAAP9tjTEOwjAQBC9BFLSUPOIiCgqEqNJabniBiY1xYt0Z2yGpeBFf4w8EIlGxxWpnm3m+YJkiHDlabA11jlLjMPjeTgsHjt3F84Atn7FhSuwNSjNI1qaeUXI2MKcoYSFgZajxnBzZDGvRqruqvCJbnXKcvoOA0ukbPKAQkzmrmL8wRthce52Yfp6/AhhDyFBu95/avQH+Ao9BvgAAAA==[0m[Pipeline] }
[8mha:////4JYKcIPw4dzCqcFtCEMqLcBIawDwTZaurY+yGTW21LImAAAApB+LCAAAAAAAAP9tjTEOwjAQBC9BFLSUPOICiA6lorXc8AKTGOPEugu2g1PxIr7GH7CIRMUWq51t5vWGZfBQszfYaeothcbi4EaTFyb2/dVxwo4v2DAFdhqlTpJbfZpRctQwpyhhIWClqXEcLJkIa9Gph6qcIlOdo8/fUUBp2zs8oRDZHJWPX5g8bG5jG5h+nr8CmIYhQrnf5todPj15byC+AAAA[0m[Pipeline] // stage
[8mha:////4C9Umlp0OpQwbw4ZQN/jsv5N4uqJ+DC1J49f5bJ/JhKtAAAAox+LCAAAAAAAAP9tjTEOwjAQBDdBFLSUPMIRVEiIitZKwwtMYowT6y7YF5KKF/E1/kBEJCq22plmXm8sU8SRo1ONpdZTqrzqQu+mpwaO7TXwoBq+qIopcbCqtEPJtT3NWLJYzMtyLDRWlqrAyZMTrHVjHqYIhlxxlji5g0bu6zueyPRUFhPlC2PE5tbXienX+RvA2HWCfLcVZPsPsDwHYL0AAAA=[0m[Pipeline] }
$ docker stop --time=1 e5d1281f2b73bf006e5ad3c17875e9a593cf61ca1bc5a8e2492b1b941e9774bd
$ docker rm -f e5d1281f2b73bf006e5ad3c17875e9a593cf61ca1bc5a8e2492b1b941e9774bd
[8mha:////4Abku30ZrUS4/RU47PtopxK0dl6vXLTBaBbNuFSK0OkMAAAAox+LCAAAAAAAAP9tjbEOgjAURS8YB1dHP6IkLA7GybVh8Qsq1Fpo3sP2IUx+kb/mP0gkcfJO95zlvN5Yp4gjR6daS52nVHvVh8HNT40cu2vgUbV8UTVT4mBVZceKG3tasGKxWJblWGlsLNWBkycn2OrWPEwRDLniLHF2B43cN3c8kem5LCbKF6aI3W1oEtOv8zeAqe8FeVkKsv0H8VsYt70AAAA=[0m[Pipeline] // withDockerContainer
[8mha:////4LWBTiWqTXtUChadZ65HxZFH2ANzYVK5If8EX3rYEwCKAAAAox+LCAAAAAAAAP9tjTEOwjAQBDdBFLSUPMKRgA5R0VppeIFJjHFi3QX7QlLxIr7GH4iIRMVWO9PM641lijhydKqx1HpKlVdd6N301MCxvQYeVMMXVTElDlaVdii5tqcZSxaLeVmOhcbKUhU4eXKCtW7MwxTBkCvOEid30Mh9fccTmZ7KYqJ8YYzY3Po6Mf06fwMYu06Qb3eCbP8B+yNxE70AAAA=[0m[Pipeline] }
[8mha:////4JRAjv5yzFE6yJiF+U+UA7cDfmCF6/4XdnZk7wRjAC72AAAAox+LCAAAAAAAAP9tjTEOwjAQBDdBFLSUPMKRgA5R0VppeIFJjHFi3QX7QlLxIr7GH4iIRMVWO9PM641lijhydKqx1HpKlVdd6N301MCxvQYeVMMXVTElDlaVdii5tqcZSxaLeVmOhcbKUhU4eXKCtW7MwxTBkCvOEid30Mh9fccTmZ7KYqJ8YYzY3Po6Mf06fwMYu06Qb/eCbPcBSGo1P70AAAA=[0m[Pipeline] // node
[8mha:////4F4YqTOOWnc1aB+lX06AfpnoAcn8tfNWtoSOLHQlpxLMAAAAox+LCAAAAAAAAP9tjbEOgjAURS8YB1dHP6IkJE7GybVh8Qsq1Fpo3sP2IUx+kb/mP0gkcfJO95zlvN5Yp4gjR6daS52nVHvVh8HNT40cu2vgUbV8UTVT4mBVZceKG3tasGKxWJblWGlsLNWBkycn2OrWPEwRDLniLHF2B43cN3c8kem5LCbKF6aI3W1oEtOv8zeAqe8FebkXZOUHbnNSdb0AAAA=[0m[Pipeline] End of Pipeline
ERROR: script returned exit code 1
Finished: FAILURE
